This is LuaTeX, Version 0.95.0 (TeX Live 2016/Arch Linux)  (format=lualatex 2016.10.11)  8 NOV 2016 15:52
 system commands enabled.
 file:line:error style messages enabled.
**document.tex
(./document.tex
LaTeX2e <2016/03/31> patch level 3
Babel <3.9r> and hyphenation patterns for 1 language(s) loaded.
(/usr/share/texmf-dist/tex/latex/base/article.cls
Document Class: article 2014/09/29 v1.4h Standard LaTeX document class
(/usr/share/texmf-dist/tex/latex/base/size10.clo
File: size10.clo 2014/09/29 v1.4h Standard LaTeX file (size option)
)
\c@part=\count79
\c@section=\count80
\c@subsection=\count81
\c@subsubsection=\count82
\c@paragraph=\count83
\c@subparagraph=\count84
\c@figure=\count85
\c@table=\count86
\abovecaptionskip=\skip41
\belowcaptionskip=\skip42
\bibindent=\dimen102
) (./packages.tex (/usr/share/texmf-dist/tex/latex/amsmath/amsmath.sty
Package: amsmath 2016/06/28 v2.15d AMS math features
\@mathmargin=\skip43

For additional information on amsmath, use the `?' option.
(/usr/share/texmf-dist/tex/latex/amsmath/amstext.sty
Package: amstext 2000/06/29 v2.01 AMS text
 (/usr/share/texmf-dist/tex/latex/amsmath/amsgen.sty
File: amsgen.sty 1999/11/30 v2.0 generic functions
\@emptytoks=\toks14
\ex@=\dimen103
)) (/usr/share/texmf-dist/tex/latex/amsmath/amsbsy.sty
Package: amsbsy 1999/11/29 v1.2d Bold Symbols
\pmbraise@=\dimen104
) (/usr/share/texmf-dist/tex/latex/amsmath/amsopn.sty
Package: amsopn 2016/03/08 v2.02 operator names
)
\inf@bad=\count87
LaTeX Info: Redefining \frac on input line 199.
\uproot@=\count88
\leftroot@=\count89
LaTeX Info: Redefining \overline on input line 297.
\classnum@=\count90
\DOTSCASE@=\count91
LaTeX Info: Redefining \ldots on input line 394.
LaTeX Info: Redefining \dots on input line 397.
LaTeX Info: Redefining \cdots on input line 518.
\Mathstrutbox@=\box26
\strutbox@=\box27
\big@size=\dimen105
LaTeX Font Info:    Redeclaring font encoding OML on input line 634.
LaTeX Font Info:    Redeclaring font encoding OMS on input line 635.
\macc@depth=\count92
\c@MaxMatrixCols=\count93
\dotsspace@=\muskip10
\c@parentequation=\count94
\dspbrk@lvl=\count95
\tag@help=\toks15
\row@=\count96
\column@=\count97
\maxfields@=\count98
\andhelp@=\toks16
\eqnshift@=\dimen106
\alignsep@=\dimen107
\tagshift@=\dimen108
\tagwidth@=\dimen109
\totwidth@=\dimen110
\lineht@=\dimen111
\@envbody=\toks17
\multlinegap=\skip44
\multlinetaggap=\skip45
\mathdisplay@stack=\toks18
LaTeX Info: Redefining \[ on input line 2739.
LaTeX Info: Redefining \] on input line 2740.
) (/usr/share/texmf-dist/tex/latex/amsfonts/amsfonts.sty
Package: amsfonts 2013/01/14 v3.01 Basic AMSFonts support
\symAMSa=\mathgroup4
\symAMSb=\mathgroup5
LaTeX Font Info:    Overwriting math alphabet `\mathfrak' in version `bold'
(Font)                  U/euf/m/n --> U/euf/b/n on input line 106.
) (/usr/share/texmf-dist/tex/latex/unicode-math/unicode-math.sty
Package: unicode-math 2015/09/24 v0.8c Unicode maths in XeLaTeX and LuaLaTeX
 (/usr/share/texmf-dist/tex/generic/ifxetex/ifxetex.sty
Package: ifxetex 2010/09/12 v0.6 Provides ifxetex conditional
) (/usr/share/texmf-dist/tex/generic/oberdiek/ifluatex.sty
Package: ifluatex 2016/05/16 v1.4 Provides the ifluatex switch (HO)
Package ifluatex Info: LuaTeX detected.
) (/usr/share/texmf-dist/tex/latex/l3kernel/expl3.sty
Package: expl3 2016/05/18 v6512 L3 programming layer (loader) 
 (/usr/share/texmf-dist/tex/latex/l3kernel/expl3-code.tex
Package: expl3 2016/05/18 v6512 L3 programming layer (code)
L3 Module: l3bootstrap 2016/02/12 v6412 L3 Bootstrap code
\ucharcat@table=\catcodetable5
L3 Module: l3names 2016/03/11 v6433 L3 Namespace for primitives
L3 Module: l3basics 2015/11/22 v6315 L3 Basic definitions
L3 Module: l3expan 2015/09/10 v5983 L3 Argument expansion
L3 Module: l3tl 2016/03/26 v6465 L3 Token lists
L3 Module: l3str 2016/03/24 v6441 L3 Strings
L3 Module: l3seq 2015/08/05 v5777 L3 Sequences and stacks
L3 Module: l3int 2016/03/24 v6441 L3 Integers
\c_max_int=\count99
\l_tmpa_int=\count100
\l_tmpb_int=\count101
\g_tmpa_int=\count102
\g_tmpb_int=\count103
L3 Module: l3quark 2015/08/17 v5855 L3 Quarks
L3 Module: l3prg 2015/11/01 v6216 L3 Control structures
\g__prg_map_int=\count104
L3 Module: l3clist 2015/09/02 v5901 L3 Comma separated lists
L3 Module: l3token 2016/04/03 v6470 L3 Experimental token manipulation
L3 Module: l3prop 2016/01/05 v6366 L3 Property lists
L3 Module: l3msg 2016/03/26 v6464 L3 Messages
L3 Module: l3file 2016/03/25 v6458 L3 File and I/O operations
\l_iow_line_count_int=\count105
\l__iow_target_count_int=\count106
\l__iow_current_line_int=\count107
\l__iow_current_word_int=\count108
\l__iow_current_indentation_int=\count109
L3 Module: l3skip 2016/01/05 v6366 L3 Dimensions and skips
\c_zero_dim=\dimen112
\c_max_dim=\dimen113
\l_tmpa_dim=\dimen114
\l_tmpb_dim=\dimen115
\g_tmpa_dim=\dimen116
\g_tmpb_dim=\dimen117
\c_zero_skip=\skip46
\c_max_skip=\skip47
\l_tmpa_skip=\skip48
\l_tmpb_skip=\skip49
\g_tmpa_skip=\skip50
\g_tmpb_skip=\skip51
\c_zero_muskip=\muskip11
\c_max_muskip=\muskip12
\l_tmpa_muskip=\muskip13
\l_tmpb_muskip=\muskip14
\g_tmpa_muskip=\muskip15
\g_tmpb_muskip=\muskip16
L3 Module: l3keys 2015/11/17 v6284 L3 Key-value interfaces
\g__keyval_level_int=\count110
\l_keys_choice_int=\count111
L3 Module: l3fp 2016/03/26 v6465 L3 Floating points
\c__fp_leading_shift_int=\count112
\c__fp_middle_shift_int=\count113
\c__fp_trailing_shift_int=\count114
\c__fp_big_leading_shift_int=\count115
\c__fp_big_middle_shift_int=\count116
\c__fp_big_trailing_shift_int=\count117
\c__fp_Bigg_leading_shift_int=\count118
\c__fp_Bigg_middle_shift_int=\count119
\c__fp_Bigg_trailing_shift_int=\count120
L3 Module: l3box 2015/08/09 v5822 L3 Experimental boxes
\c_empty_box=\box28
\l_tmpa_box=\box29
\l_tmpb_box=\box30
\g_tmpa_box=\box31
\g_tmpb_box=\box32
L3 Module: l3coffins 2016/05/17 v6508 L3 Coffin code layer
\l__coffin_internal_box=\box33
\l__coffin_internal_dim=\dimen118
\l__coffin_offset_x_dim=\dimen119
\l__coffin_offset_y_dim=\dimen120
\l__coffin_x_dim=\dimen121
\l__coffin_y_dim=\dimen122
\l__coffin_x_prime_dim=\dimen123
\l__coffin_y_prime_dim=\dimen124
\c_empty_coffin=\box34
\l__coffin_aligned_coffin=\box35
\l__coffin_aligned_internal_coffin=\box36
\l_tmpa_coffin=\box37
\l_tmpb_coffin=\box38
\l__coffin_display_coffin=\box39
\l__coffin_display_coord_coffin=\box40
\l__coffin_display_pole_coffin=\box41
\l__coffin_display_offset_dim=\dimen125
\l__coffin_display_x_dim=\dimen126
\l__coffin_display_y_dim=\dimen127
L3 Module: l3color 2014/08/23 v5354 L3 Experimental color support
L3 Module: l3sys 2015/09/25 v6087 L3 Experimental system/runtime functions
L3 Module: l3candidates 2016/05/13 v6484 L3 Experimental additions to l3kernel
\l__box_top_dim=\dimen128
\l__box_bottom_dim=\dimen129
\l__box_left_dim=\dimen130
\l__box_right_dim=\dimen131
\l__box_top_new_dim=\dimen132
\l__box_bottom_new_dim=\dimen133
\l__box_left_new_dim=\dimen134
\l__box_right_new_dim=\dimen135
\l__box_internal_box=\box42
\l__coffin_bounding_shift_dim=\dimen136
\l__coffin_left_corner_dim=\dimen137
\l__coffin_right_corner_dim=\dimen138
\l__coffin_bottom_corner_dim=\dimen139
\l__coffin_top_corner_dim=\dimen140
\l__coffin_scaled_total_height_dim=\dimen141
\l__coffin_scaled_width_dim=\dimen142
L3 Module: l3luatex 2016/03/26 v6465 L3 Experimental LuaTeX-specific functions
) (/usr/share/texmf-dist/tex/latex/l3kernel/l3pdfmode.def
File: l3pdfmode.def 2016/03/26 v6465 L3 Experimental driver: PDF mode
\l__driver_color_stack_int=\count121
\l__driver_tmp_box=\box43
)) (/usr/share/texmf-dist/tex/latex/ucharcat/ucharcat.sty
Package: ucharcat 2015/11/19 v0.03 ucharcat for luaLaTeX (DPC)
\ucharcat@table=\catcodetable6
) (/usr/share/texmf-dist/tex/latex/l3packages/xparse/xparse.sty
Package: xparse 2016/05/18 v6512 L3 Experimental document command parser
\l__xparse_current_arg_int=\count122
\l__xparse_m_args_int=\count123
\l__xparse_mandatory_args_int=\count124
\l__xparse_processor_int=\count125
\l__xparse_v_nesting_int=\count126
) (/usr/share/texmf-dist/tex/latex/l3packages/l3keys2e/l3keys2e.sty
Package: l3keys2e 2016/05/18 v6512 LaTeX2e option processing using LaTeX3 keys
) (/usr/share/texmf-dist/tex/latex/fontspec/fontspec.sty
Package: fontspec 2016/02/01 v2.5a Font selection for XeLaTeX and LuaLaTeX
 (/usr/share/texmf-dist/tex/luatex/luaotfload/luaotfload.sty
Package: luaotfload 2016/06/16 v2.7 OpenType layout system
Lua module: luaotfload-main 2016/06/16 2.70003 OpenType layout system.
Lua module: lualibs 2016-04-06 2.4 ConTeXt Lua standard libraries.
Lua module: lualibs-extended 2016-04-06 2.4 ConTeXt Lua libraries -- extended collection.(using write cache: /home/j/.texlive/texmf-var/luatex-cache/generic)(using read cache: /var/lib/texmf/luatex-cache/generic /home/j/.texlive/texmf-var/luatex-cache/generic)
luaotfload | conf : Root cache directory is /home/j/.texlive/texmf-var/luatex-cache/generic/names.
luaotfload | init : Loading fontloader “fontloader-2016-06-16.lua” from kpse-resolved path “/usr/share/texmf-dist/tex/luatex/luaotfload/fontloader-2016-06-16.lua”.
Lua-only attribute luaotfload@state = 1
Lua-only attribute luaotfload@noligature = 2
Lua-only attribute luaotfload@syllabe = 3
luaotfload | init : Context OpenType loader version “3.023”
Inserting `luaotfload.node_processor' at position 1 in `pre_linebreak_filter'.
Inserting `luaotfload.node_processor' at position 1 in `hpack_filter'.
Inserting `luaotfload.define_font' at position 1 in `define_font'.
Lua-only attribute luaotfload_color_attribute = 4
luaotfload | conf : Root cache directory is /home/j/.texlive/texmf-var/luatex-cache/generic/names.
Inserting `luaotfload.aux.set_sscale_dimens' at position 1 in `luaotfload.patch_font'.
Inserting `luaotfload.aux.patch_cambria_domh' at position 2 in `luaotfload.patch_font'.
Inserting `luaotfload.aux.fixup_fontdata' at position 1 in `luaotfload.patch_font_unsafe'.
Inserting `luaotfload.aux.set_capheight' at position 3 in `luaotfload.patch_font'.
Inserting `luaotfload.rewrite_fontname' at position 4 in `luaotfload.patch_font'.
luaotfload | main : initialization completed in 0.126 seconds)
Lua module: fontspec 2016/02/01 2.5a Advanced font selection for LuaLaTeX. (/usr/share/texmf-dist/tex/latex/fontspec/fontspec-luatex.sty
Package: fontspec-luatex 2016/02/01 v2.5a Font selection for XeLaTeX and LuaLaTeX
\l_fontspec_script_int=\count127
\l_fontspec_language_int=\count128
\l_fontspec_strnum_int=\count129
\l__fontspec_tmpa_dim=\dimen143
\l__fontspec_tmpb_dim=\dimen144
\l__fontspec_tmpc_dim=\dimen145
\g__file_internal_ior=\read1
 (/usr/share/texmf-dist/tex/latex/base/fontenc.sty
Package: fontenc 2016/06/19 v1.99m Standard LaTeX package
 (/usr/share/texmf-dist/tex/latex/euenc/eu2enc.def
File: eu2enc.def 2010/05/27 v0.1h Experimental Unicode font encodings
)
LaTeX Font Info:    Try loading font information for EU2+lmr on input line 105.
 (/usr/share/texmf-dist/tex/latex/euenc/eu2lmr.fd
File: eu2lmr.fd 2009/10/30 v1.6 Font defs for Latin Modern
)
luaotfload | db : Font names database loaded from /home/j/.texlive/texmf-var/luatex-cache/generic/names/luaotfload-names.luc(compiling luc: /var/lib/texmf/luatex-cache/generic/fonts/otl/lmroman10-regular.luc)(load luc: /home/j/.texlive/texmf-var/luatex-cache/generic/fonts/otl/lmroman10-regular.luc)) (/usr/share/texmf-dist/tex/xelatex/xunicode/xunicode.sty
File: xunicode.sty 2011/09/09 v0.981 provides access to latin accents and many other characters in Unicode lower plane
 (/usr/share/texmf-dist/tex/latex/tipa/t3enc.def
File: t3enc.def 2001/12/31 T3 encoding
(compiling luc: /var/lib/texmf/luatex-cache/generic/fonts/otl/lmromanslant10-regular.luc)(load luc: /home/j/.texlive/texmf-var/luatex-cache/generic/fonts/otl/lmromanslant10-regular.luc)(compiling luc: /var/lib/texmf/luatex-cache/generic/fonts/otl/lmroman10-italic.luc)(load luc: /home/j/.texlive/texmf-var/luatex-cache/generic/fonts/otl/lmroman10-italic.luc)(compiling luc: /var/lib/texmf/luatex-cache/generic/fonts/otl/lmroman10-bold.luc)(load luc: /home/j/.texlive/texmf-var/luatex-cache/generic/fonts/otl/lmroman10-bold.luc)
LaTeX Font Info:    Try loading font information for EU2+lmss on input line 357.
 (/usr/share/texmf-dist/tex/latex/euenc/eu2lmss.fd
File: eu2lmss.fd 2009/10/30 v1.6 Font defs for Latin Modern
)(compiling luc: /var/lib/texmf/luatex-cache/generic/fonts/otl/lmsans10-regular.luc)(load luc: /home/j/.texlive/texmf-var/luatex-cache/generic/fonts/otl/lmsans10-regular.luc))
\tipaTiiicode=\count130
\tipasavetokens=\toks19
\tipachecktokens=\toks20
 (/usr/share/texmf-dist/tex/latex/graphics/graphicx.sty
Package: graphicx 2014/10/28 v1.0g Enhanced LaTeX Graphics (DPC,SPQR)
 (/usr/share/texmf-dist/tex/latex/graphics/keyval.sty
Package: keyval 2014/10/28 v1.15 key=value parser (DPC)
\KV@toks@=\toks21
) (/usr/share/texmf-dist/tex/latex/graphics/graphics.sty
Package: graphics 2016/07/10 v1.0t Standard LaTeX Graphics (DPC,SPQR)
 (/usr/share/texmf-dist/tex/latex/graphics/trig.sty
Package: trig 2016/01/03 v1.10 sin cos tan (DPC)
) (/usr/share/texmf-dist/tex/latex/graphics-cfg/graphics.cfg
File: graphics.cfg 2016/06/04 v1.11 sample graphics configuration
)
Package graphics Info: Driver file: luatex.def on input line 99.
 (/usr/share/texmf-dist/tex/latex/graphics-def/luatex.def
File: luatex.def 2016/07/11 v0.01f Graphics/Color for luaTeX
 (/usr/share/texmf-dist/tex/generic/oberdiek/infwarerr.sty
Package: infwarerr 2016/05/16 v1.4 Providing info/warning/error messages (HO)
) (/usr/share/texmf-dist/tex/generic/oberdiek/ltxcmds.sty
Package: ltxcmds 2016/05/16 v1.23 LaTeX kernel commands for general use (HO)
)
\Gread@gobject=\count131
))
\Gin@req@height=\dimen146
\Gin@req@width=\dimen147
))
.................................................
. LaTeX info: "xparse/define-command"
. 
. Defining command \__fontspec_post_arg:w with sig. 'mmO{}' on line 356.
.................................................
.................................................
. LaTeX info: "xparse/define-command"
. 
. Defining command \fontspec with sig. 'om' on line 358.
.................................................
.................................................
. LaTeX info: "xparse/define-command"
. 
. Defining command \setmainfont with sig. 'om' on line 368.
.................................................
.................................................
. LaTeX info: "xparse/define-command"
. 
. Defining command \setsansfont with sig. 'om' on line 378.
.................................................
.................................................
. LaTeX info: "xparse/define-command"
. 
. Defining command \setmonofont with sig. 'om' on line 388.
.................................................
.................................................
. LaTeX info: "xparse/define-command"
. 
. Defining command \setmathrm with sig. 'om' on line 402.
.................................................
.................................................
. LaTeX info: "xparse/define-command"
. 
. Defining command \setboldmathrm with sig. 'om' on line 410.
.................................................
.................................................
. LaTeX info: "xparse/define-command"
. 
. Defining command \setmathsf with sig. 'om' on line 418.
.................................................
.................................................
. LaTeX info: "xparse/define-command"
. 
. Defining command \setmathtt with sig. 'om' on line 426.
.................................................
.................................................
. LaTeX info: "xparse/define-command"
. 
. Defining command \newfontfamily with sig. 'mom' on line 440.
.................................................
.................................................
. LaTeX info: "xparse/define-command"
. 
. Defining command \newfontface with sig. 'mom' on line 456.
.................................................
.................................................
. LaTeX info: "xparse/define-command"
. 
. Defining command \defaultfontfeatures with sig. 't+om' on line 470.
.................................................
.................................................
. LaTeX info: "xparse/define-command"
. 
. Defining command \addfontfeatures with sig. 'm' on line 533.
.................................................
.................................................
. LaTeX info: "xparse/define-command"
. 
. Defining command \newfontfeature with sig. 'mm' on line 544.
.................................................
.................................................
. LaTeX info: "xparse/define-command"
. 
. Defining command \newAATfeature with sig. 'mmmm' on line 552.
.................................................
.................................................
. LaTeX info: "xparse/define-command"
. 
. Defining command \newopentypefeature with sig. 'mmm' on line 560.
.................................................
.................................................
. LaTeX info: "xparse/define-command"
. 
. Defining command \aliasfontfeature with sig. 'mm' on line 581.
.................................................
.................................................
. LaTeX info: "xparse/define-command"
. 
. Defining command \aliasfontfeatureoption with sig. 'mmm' on line 590.
.................................................
.................................................
. LaTeX info: "xparse/define-command"
. 
. Defining command \newfontscript with sig. 'mm' on line 594.
.................................................
.................................................
. LaTeX info: "xparse/define-command"
. 
. Defining command \newfontlanguage with sig. 'mm' on line 598.
.................................................
.................................................
. LaTeX info: "xparse/define-command"
. 
. Defining command \DeclareFontsExtensions with sig. 'm' on line 603.
.................................................
\l__fontspec_tmp_int=\count132
 (/usr/share/texmf-dist/tex/latex/fontspec/fontspec.cfg)
LaTeX Info: Redefining \itshape on input line 2629.
LaTeX Info: Redefining \slshape on input line 2634.
LaTeX Info: Redefining \scshape on input line 2639.
LaTeX Info: Redefining \upshape on input line 2644.
\l__fontspec_em_int=\count133
\l__fontspec_emdef_int=\count134
LaTeX Info: Redefining \em on input line 2660.
LaTeX Info: Redefining \emph on input line 2666.
LaTeX Info: Redefining \- on input line 2670.
.................................................
. LaTeX info: "xparse/redefine-command"
. 
. Redefining command \oldstylenums with sig. 'm' on line 2765.
.................................................
.................................................
. LaTeX info: "xparse/define-command"
. 
. Defining command \liningnums with sig. 'm' on line 2769.
.................................................
)) (/usr/share/texmf-dist/tex/latex/base/fix-cm.sty
Package: fix-cm 2015/01/14 v1.1t fixes to LaTeX
 (/usr/share/texmf-dist/tex/latex/base/ts1enc.def
File: ts1enc.def 2001/06/05 v3.0e (jk/car/fm) Standard LaTeX file
)) (/usr/share/texmf-dist/tex/latex/filehook/filehook.sty
Package: filehook 2011/10/12 v0.5d Hooks for input files
)
\g__um_fam_int=\count135
\g__um_primekern_muskip=\muskip17
\l__um_primecount_int=\count136
.................................................
. LaTeX info: "xparse/define-command"
. 
. Defining command \unimathsetup with sig. 'm' on line 168.
.................................................
 (/usr/share/texmf-dist/tex/latex/unicode-math/unicode-math-luatex.sty (/usr/share/texmf-dist/tex/lualatex/lualatex-math/lualatex-math.sty
Package: lualatex-math 2016/04/16 v1.6 Patches for mathematics typesetting with LuaLaTeX
 (/usr/share/texmf-dist/tex/latex/etoolbox/etoolbox.sty
Package: etoolbox 2015/08/02 v2.2a e-TeX tools for LaTeX (JAW)
\etb@tempcnta=\count137
)
Lua module: lualatex-math 2013/08/03 1.3 Patches for mathematics typesetting with LuaLaTeX
.................................................
. lualatex-math info: "patch-macro"
. 
. I'm going to patch macro \subarray.
.................................................
.................................................
. lualatex-math info: "patch-macro"
. 
. I'm going to patch macro \frac .
.................................................
.................................................
. lualatex-math info: "patch-macro"
. 
. I'm going to patch macro \@genfrac.
.................................................
)
.................................................
. LaTeX info: "xparse/define-command"
. 
. Defining command \setmathfontface with sig. 'mO{}mO{}' on line 167.
.................................................
.................................................
. LaTeX info: "xparse/define-command"
. 
. Defining command \setoperatorfont with sig. 'm' on line 171.
.................................................
.................................................
. LaTeX info: "xparse/define-command"
. 
. Defining command \setmathfont with sig. 'O{}mO{}' on line 280.
.................................................
.................................................
. LaTeX info: "xparse/define-command"
. 
. Defining command \addnolimits with sig. 'm' on line 523.
.................................................
.................................................
. LaTeX info: "xparse/define-command"
. 
. Defining command \removenolimits with sig. 'm' on line 527.
.................................................
 (/usr/share/texmf-dist/tex/latex/unicode-math/unicode-math-table.tex)
.................................................
. unicode-math info: "patch-macro"
. 
. I'm going to patch macro \plainroot@.
.................................................
.................................................
. unicode-math info: "patch-macro"
. 
. I'm going to patch macro \r@@t.
.................................................
)) (/usr/share/texmf-dist/tex/latex/amscls/amsthm.sty
Package: amsthm 2015/03/04 v2.20.2
\thm@style=\toks22
\thm@bodyfont=\toks23
\thm@headfont=\toks24
\thm@notefont=\toks25
\thm@headpunct=\toks26
\thm@preskip=\skip52
\thm@postskip=\skip53
\thm@headsep=\skip54
\dth@everypar=\toks27
) (/usr/share/texmf-dist/tex/latex/enumitem/enumitem.sty
Package: enumitem 2011/09/28 v3.5.2 Customized lists
\labelindent=\skip55
\enit@outerparindent=\dimen148
\enit@toks=\toks28
\enit@inbox=\box44
\enitdp@description=\count138
) (/usr/share/texmf-dist/tex/latex/geometry/geometry.sty
Package: geometry 2010/09/12 v5.6 Page Geometry
 (/usr/share/texmf-dist/tex/generic/oberdiek/ifpdf.sty
Package: ifpdf 2016/05/14 v3.1 Provides the ifpdf switch
) (/usr/share/texmf-dist/tex/generic/oberdiek/ifvtex.sty
Package: ifvtex 2016/05/16 v1.6 Detect VTeX and its facilities (HO)
Package ifvtex Info: VTeX not detected.
)
\Gm@cnth=\count139
\Gm@cntv=\count140
\c@Gm@tempcnt=\count141
\Gm@bindingoffset=\dimen149
\Gm@wd@mp=\dimen150
\Gm@odd@mp=\dimen151
\Gm@even@mp=\dimen152
\Gm@layoutwidth=\dimen153
\Gm@layoutheight=\dimen154
\Gm@layouthoffset=\dimen155
\Gm@layoutvoffset=\dimen156
\Gm@dimlist=\toks29
)
luaotfload | cache : Lookup cache loaded from /home/j/.texlive/texmf-var/luatex-cache/generic/names/luaotfload-lookup-cache.luc.(compiling luc: /var/lib/texmf/luatex-cache/generic/fonts/otl/xits-math.luc)(load luc: /home/j/.texlive/texmf-var/luatex-cache/generic/fonts/otl/xits-math.luc)
\g__fontspec_family_XITSMath_int=\count142
(compiling luc: /var/lib/texmf/luatex-cache/generic/fonts/otl/xits-mathbold.luc)(load luc: /home/j/.texlive/texmf-var/luatex-cache/generic/fonts/otl/xits-mathbold.luc)
luaotfload | aux : font no 21 (<unknown>) does not define feature smcp for script math with language dflt
luaotfload | aux : no font with id 21
luaotfload | aux : font no 22 (<unknown>) does not define feature smcp for script math with language dflt
luaotfload | aux : no font with id 22
.................................................
. fontspec info: "defining-font"
. 
. Font family 'XITSMath(0)' created for font 'XITS Math' with options
. [Renderer=Basic,BoldItalicFont={},ItalicFont={},Script=Math,SizeFeatures={{Size=10-},{Size=7-10,Font=XITS
. Math,Style=MathScript},{Size=-7,Font=XITS Math,Style=MathScriptScript}}].
. 
. This font family consists of the following NFSS series/shapes:
. - 'normal' (m/n) with NFSS spec.:
. <10->"XITSMath:mode=base;script=math;language=DFLT;"<7-10>"XITSMath:mode=base;script=math;language=DFLT;+ssty=0;"<-7>"XITSMath:mode=base;script=math;language=DFLT;+ssty=1;"
. - 'small caps'  (m/sc) with NFSS spec.: - 'bold' (bx/n) with NFSS spec.:
. <->"XITSMath/B:mode=base;script=math;language=DFLT;"
. - 'bold small caps'  (bx/sc) with NFSS spec.: 
.................................................
LaTeX Font Info:    Encoding `OT1' has changed to `EU2' for symbol font
(Font)              `operators' in the math version `normal' on input line 4.
LaTeX Font Info:    Overwriting symbol font `operators' in version `normal'
(Font)                  OT1/cmr/m/n --> EU2/XITSMath(0)/m/n on input line 4.
LaTeX Font Info:    Encoding `OT1' has changed to `EU2' for symbol font
(Font)              `operators' in the math version `bold' on input line 4.
LaTeX Font Info:    Overwriting symbol font `operators' in version `bold'
(Font)                  OT1/cmr/bx/n --> EU2/XITSMath(0)/bx/n on input line 4.
luaotfload | aux : font no 21 (<unknown>) does not define feature smcp for script math with language dflt
luaotfload | aux : no font with id 21
luaotfload | aux : font no 22 (<unknown>) does not define feature smcp for script math with language dflt
luaotfload | aux : no font with id 22
.................................................
. fontspec info: "defining-font"
. 
. Font family 'XITSMath(1)' created for font 'XITS Math' with options
. [Renderer=Basic,BoldItalicFont={},ItalicFont={},Script=Math,SizeFeatures={{Size=10-},{Size=7-10,Font=XITS
. Math,Style=MathScript},{Size=-7,Font=XITS
. Math,Style=MathScriptScript}},Scale=1.00001,FontAdjustment={\fontdimen
. 8\font =380108.8sp\relax \fontdimen 9\font =314572.8sp\relax \fontdimen
. 10\font =314572.8sp\relax \fontdimen 11\font =458752sp\relax \fontdimen
. 12\font =314572.8sp\relax \fontdimen 13\font =262144sp\relax \fontdimen
. 14\font =262144sp\relax \fontdimen 15\font =180224sp\relax \fontdimen
. 16\font =163840sp\relax \fontdimen 17\font =0sp\relax \fontdimen 18\font
. =245760sp\relax \fontdimen 19\font =32768sp\relax \fontdimen 20\font
. =0pt\relax \fontdimen 21\font =0pt\relax \fontdimen 22\font =163840sp\relax
. }].
. 
. This font family consists of the following NFSS series/shapes:
. - 'normal' (m/n) with NFSS spec.:
. <10->s*[1.00001]"XITSMath:mode=base;script=math;language=DFLT;"<7-10>s*[1.00001]"XITSMath:mode=base;script=math;language=DFLT;+ssty=0;"<-7>s*[1.00001]"XITSMath:mode=base;script=math;language=DFLT;+ssty=1;"
. - 'small caps'  (m/sc) with NFSS spec.: 
. and font adjustment code:
. \fontdimen 8\font =380108.8sp\relax \fontdimen 9\font =314572.8sp\relax
. \fontdimen 10\font =314572.8sp\relax \fontdimen 11\font =458752sp\relax
. \fontdimen 12\font =314572.8sp\relax \fontdimen 13\font =262144sp\relax
. \fontdimen 14\font =262144sp\relax \fontdimen 15\font =180224sp\relax
. \fontdimen 16\font =163840sp\relax \fontdimen 17\font =0sp\relax \fontdimen
. 18\font =245760sp\relax \fontdimen 19\font =32768sp\relax \fontdimen 20\font
. =0pt\relax \fontdimen 21\font =0pt\relax \fontdimen 22\font =163840sp\relax
. - 'bold' (bx/n) with NFSS spec.:
. <->s*[1.00001]"XITSMath/B:mode=base;script=math;language=DFLT;"
. - 'bold small caps'  (bx/sc) with NFSS spec.: 
. and font adjustment code:
. \fontdimen 8\font =380108.8sp\relax \fontdimen 9\font =314572.8sp\relax
. \fontdimen 10\font =314572.8sp\relax \fontdimen 11\font =458752sp\relax
. \fontdimen 12\font =314572.8sp\relax \fontdimen 13\font =262144sp\relax
. \fontdimen 14\font =262144sp\relax \fontdimen 15\font =180224sp\relax
. \fontdimen 16\font =163840sp\relax \fontdimen 17\font =0sp\relax \fontdimen
. 18\font =245760sp\relax \fontdimen 19\font =32768sp\relax \fontdimen 20\font
. =0pt\relax \fontdimen 21\font =0pt\relax \fontdimen 22\font =163840sp\relax 
.................................................
LaTeX Font Info:    Encoding `OMS' has changed to `EU2' for symbol font
(Font)              `symbols' in the math version `normal' on input line 4.
LaTeX Font Info:    Overwriting symbol font `symbols' in version `normal'
(Font)                  OMS/cmsy/m/n --> EU2/XITSMath(1)/m/n on input line 4.
LaTeX Font Info:    Encoding `OMS' has changed to `EU2' for symbol font
(Font)              `symbols' in the math version `bold' on input line 4.
LaTeX Font Info:    Overwriting symbol font `symbols' in version `bold'
(Font)                  OMS/cmsy/b/n --> EU2/XITSMath(1)/bx/n on input line 4.
luaotfload | aux : font no 21 (<unknown>) does not define feature smcp for script math with language dflt
luaotfload | aux : no font with id 21
luaotfload | aux : font no 22 (<unknown>) does not define feature smcp for script math with language dflt
luaotfload | aux : no font with id 22
.................................................
. fontspec info: "defining-font"
. 
. Font family 'XITSMath(2)' created for font 'XITS Math' with options
. [Renderer=Basic,BoldItalicFont={},ItalicFont={},Script=Math,SizeFeatures={{Size=10-},{Size=7-10,Font=XITS
. Math,Style=MathScript},{Size=-7,Font=XITS
. Math,Style=MathScriptScript}},Scale=0.99999,FontAdjustment={\fontdimen
. 8\font =43253.76sp\relax \fontdimen 9\font =98304sp\relax \fontdimen 10\font
. =98304sp\relax \fontdimen 11\font =196608sp\relax \fontdimen 12\font
. =393216sp\relax \fontdimen 13\font =0pt\relax }].
. 
. This font family consists of the following NFSS series/shapes:
. - 'normal' (m/n) with NFSS spec.:
. <10->s*[0.99999]"XITSMath:mode=base;script=math;language=DFLT;"<7-10>s*[0.99999]"XITSMath:mode=base;script=math;language=DFLT;+ssty=0;"<-7>s*[0.99999]"XITSMath:mode=base;script=math;language=DFLT;+ssty=1;"
. - 'small caps'  (m/sc) with NFSS spec.: 
. and font adjustment code:
. \fontdimen 8\font =43253.76sp\relax \fontdimen 9\font =98304sp\relax
. \fontdimen 10\font =98304sp\relax \fontdimen 11\font =196608sp\relax
. \fontdimen 12\font =393216sp\relax \fontdimen 13\font =0pt\relax - 'bold'
. (bx/n) with NFSS spec.:
. <->s*[0.99999]"XITSMath/B:mode=base;script=math;language=DFLT;"
. - 'bold small caps'  (bx/sc) with NFSS spec.: 
. and font adjustment code:
. \fontdimen 8\font =43253.76sp\relax \fontdimen 9\font =98304sp\relax
. \fontdimen 10\font =98304sp\relax \fontdimen 11\font =196608sp\relax
. \fontdimen 12\font =393216sp\relax \fontdimen 13\font =0pt\relax 
.................................................
LaTeX Font Info:    Encoding `OMX' has changed to `EU2' for symbol font
(Font)              `largesymbols' in the math version `normal' on input line 4.
LaTeX Font Info:    Overwriting symbol font `largesymbols' in version `normal'
(Font)                  OMX/cmex/m/n --> EU2/XITSMath(2)/m/n on input line 4.
LaTeX Font Info:    Encoding `OMX' has changed to `EU2' for symbol font
(Font)              `largesymbols' in the math version `bold' on input line 4.
LaTeX Font Info:    Overwriting symbol font `largesymbols' in version `bold'
(Font)                  OMX/cmex/m/n --> EU2/XITSMath(2)/bx/n on input line 4.
) (./document.aux)
\openout1 = document.aux

LaTeX Font Info:    Checking defaults for OML/cmm/m/it on input line 4.
LaTeX Font Info:    ... okay on input line 4.
LaTeX Font Info:    Checking defaults for T1/cmr/m/n on input line 4.
LaTeX Font Info:    ... okay on input line 4.
LaTeX Font Info:    Checking defaults for OT1/cmr/m/n on input line 4.
LaTeX Font Info:    ... okay on input line 4.
LaTeX Font Info:    Checking defaults for OMS/cmsy/m/n on input line 4.
LaTeX Font Info:    ... okay on input line 4.
LaTeX Font Info:    Checking defaults for OMX/cmex/m/n on input line 4.
LaTeX Font Info:    ... okay on input line 4.
LaTeX Font Info:    Checking defaults for U/cmr/m/n on input line 4.
LaTeX Font Info:    ... okay on input line 4.
LaTeX Font Info:    Checking defaults for EU2/lmr/m/n on input line 4.
LaTeX Font Info:    ... okay on input line 4.
LaTeX Font Info:    Checking defaults for T3/cmr/m/n on input line 4.
LaTeX Font Info:    Try loading font information for T3+cmr on input line 4.
 (/usr/share/texmf-dist/tex/latex/tipa/t3cmr.fd
File: t3cmr.fd 2001/12/31 TIPA font definitions
)
LaTeX Font Info:    ... okay on input line 4.
LaTeX Font Info:    Checking defaults for TS1/cmr/m/n on input line 4.
LaTeX Font Info:    ... okay on input line 4.
 (/usr/share/texmf-dist/tex/context/base/mkii/supp-pdf.mkii
[Loading MPS to PDF converter (version 2006.09.02).]
\scratchcounter=\count143
\scratchdimen=\dimen157
\scratchbox=\box45
\nofMPsegments=\count144
\nofMParguments=\count145
\everyMPshowfont=\toks30
\MPscratchCnt=\count146
\MPscratchDim=\dimen158
\MPnumerator=\count147
\makeMPintoPDFobject=\count148
\everyMPtoPDFconversion=\toks31
) (/usr/share/texmf-dist/tex/latex/oberdiek/epstopdf-base.sty
Package: epstopdf-base 2016/05/15 v2.6 Base part for package epstopdf
 (/usr/share/texmf-dist/tex/latex/oberdiek/grfext.sty
Package: grfext 2016/05/16 v1.2 Manage graphics extensions (HO)
 (/usr/share/texmf-dist/tex/generic/oberdiek/kvdefinekeys.sty
Package: kvdefinekeys 2016/05/16 v1.4 Define keys (HO)
)) (/usr/share/texmf-dist/tex/latex/oberdiek/kvoptions.sty
Package: kvoptions 2016/05/16 v3.12 Key value format for package options (HO)
 (/usr/share/texmf-dist/tex/generic/oberdiek/kvsetkeys.sty
Package: kvsetkeys 2016/05/16 v1.17 Key value parser (HO)
 (/usr/share/texmf-dist/tex/generic/oberdiek/etexcmds.sty
Package: etexcmds 2016/05/16 v1.6 Avoid name clashes with e-TeX commands (HO)
))) (/usr/share/texmf-dist/tex/generic/oberdiek/pdftexcmds.sty
Package: pdftexcmds 2016/05/21 v0.22 Utility functions of pdfTeX for LuaTeX (HO)
Package pdftexcmds Info: \pdf@primitive is available.
Package pdftexcmds Info: \pdf@ifprimitive is available.
Package pdftexcmds Info: \pdfdraftmode found.
 (/usr/share/texmf-dist/tex/generic/oberdiek/luatex-loader.sty
Package: luatex-loader 2016/05/16 v0.6 Lua module loader (HO)

(/usr/share/texmf-dist/scripts/oberdiek/oberdiek.luatex.lua))
\pdftexcmds@toks=\toks32
)
Package epstopdf-base Info: Redefining graphics rule for `.eps' on input line 438.
Package grfext Info: Graphics extension search list:
(grfext)             [.png,.pdf,.jpg,.mps,.jpeg,.jbig2,.jb2,.PNG,.PDF,.JPG,.JPEG,.JBIG2,.JB2,.eps]
(grfext)             \AppendGraphicsExtensions on input line 456.
 (/usr/share/texmf-dist/tex/latex/latexconfig/epstopdf-sys.cfg
File: epstopdf-sys.cfg 2010/07/13 v1.3 Configuration of (r)epstopdf for TeX Live
))
*geometry* driver: auto-detecting
*geometry* detected driver: pdftex
*geometry* verbose mode - [ preamble ] result:
* driver: pdftex
* paper: a4paper
* layout: <same size as paper>
* layoutoffset:(h,v)=(0.0pt,0.0pt)
* modes: 
* h-part:(L,W,R)=(89.62709pt, 418.25368pt, 89.6271pt)
* v-part:(T,H,B)=(101.40665pt, 591.5302pt, 152.11pt)
* \paperwidth=597.50787pt
* \paperheight=845.04684pt
* \textwidth=418.25368pt
* \textheight=591.5302pt
* \oddsidemargin=17.3571pt
* \evensidemargin=17.3571pt
* \topmargin=-7.86334pt
* \headheight=12.0pt
* \headsep=25.0pt
* \topskip=10.0pt
* \footskip=30.0pt
* \marginparwidth=65.0pt
* \marginparsep=11.0pt
* \columnsep=10.0pt
* \skip\footins=9.0pt plus 4.0pt minus 2.0pt
* \hoffset=0.0pt
* \voffset=0.0pt
* \mag=1000
* \@twocolumnfalse
* \@twosidefalse
* \@mparswitchfalse
* \@reversemarginfalse
* (1in=72.27pt=25.4mm, 1cm=28.453pt)

(./commands.tex)(compiling luc: /var/lib/texmf/luatex-cache/generic/fonts/otl/lmroman17-regular.luc)(load luc: /home/j/.texlive/texmf-var/luatex-cache/generic/fonts/otl/lmroman17-regular.luc)(compiling luc: /var/lib/texmf/luatex-cache/generic/fonts/otl/lmroman12-regular.luc)(load luc: /home/j/.texlive/texmf-var/luatex-cache/generic/fonts/otl/lmroman12-regular.luc)
LaTeX Font Info:    Font shape `EU2/XITSMath(1)/m/n' will be
(Font)              scaled to size 12.00018pt on input line 9.
LaTeX Font Info:    Font shape `EU2/XITSMath(1)/m/n' will be
(Font)              scaled to size 8.00012pt on input line 9.
LaTeX Font Info:    Font shape `EU2/XITSMath(1)/m/n' will be
(Font)              scaled to size 6.00009pt on input line 9.
LaTeX Font Info:    Font shape `EU2/XITSMath(2)/m/n' will be
(Font)              scaled to size 11.99982pt on input line 9.
LaTeX Font Info:    Font shape `EU2/XITSMath(2)/m/n' will be
(Font)              scaled to size 7.99988pt on input line 9.
LaTeX Font Info:    Font shape `EU2/XITSMath(2)/m/n' will be
(Font)              scaled to size 5.99991pt on input line 9.
LaTeX Font Info:    Try loading font information for U+msa on input line 9.
 (/usr/share/texmf-dist/tex/latex/amsfonts/umsa.fd
File: umsa.fd 2013/01/14 v3.01 AMS symbols A
)
LaTeX Font Info:    Try loading font information for U+msb on input line 9.
 (/usr/share/texmf-dist/tex/latex/amsfonts/umsb.fd
File: umsb.fd 2013/01/14 v3.01 AMS symbols B
) (./lectures/lecture01.tex
LaTeX Font Info:    Font shape `EU2/XITSMath(1)/m/n' will be
(Font)              scaled to size 10.00015pt on input line 2.
LaTeX Font Info:    Font shape `EU2/XITSMath(1)/m/n' will be
(Font)              scaled to size 7.0001pt on input line 2.
LaTeX Font Info:    Font shape `EU2/XITSMath(1)/m/n' will be
(Font)              scaled to size 5.00008pt on input line 2.
LaTeX Font Info:    Font shape `EU2/XITSMath(2)/m/n' will be
(Font)              scaled to size 9.99985pt on input line 2.
LaTeX Font Info:    Font shape `EU2/XITSMath(2)/m/n' will be
(Font)              scaled to size 6.9999pt on input line 2.
LaTeX Font Info:    Font shape `EU2/XITSMath(2)/m/n' will be
(Font)              scaled to size 4.99992pt on input line 2.
(compiling luc: /var/lib/texmf/luatex-cache/generic/fonts/otl/lmroman7-regular.luc)(load luc: /home/j/.texlive/texmf-var/luatex-cache/generic/fonts/otl/lmroman7-regular.luc)(compiling luc: /var/lib/texmf/luatex-cache/generic/fonts/otl/lmroman5-regular.luc)(load luc: /home/j/.texlive/texmf-var/luatex-cache/generic/fonts/otl/lmroman5-regular.luc) [1

{/var/lib/texmf/fonts/map/pdftex/updmap/pdftex.map}] [2] [3]) (./lectures/lecture02.tex [4] [5] [6]) (./lectures/lecture03.tex [7] [8] [9]) (./lectures/lecture04.tex [10] [11] [12]) (./lectures/lecture05.tex [13] [14] [15]) (./lectures/lecture06.tex [16] [17]
./lectures/lecture06.tex:73: Undefined control sequence.
l.73 		Goal: $|F(x)-F(y)|\leqc
                            |x-y|^γ\ ∀x,y∈C$.
The control sequence at the end of the top line
of your error message was never \def'ed. If you have
misspelled it (e.g., `\hobx'), type `I' and the correct
spelling (e.g., `I\hbox'). Otherwise just continue,
and I'll forget about whatever was undefined.


Overfull \hbox (28.24336pt too wide) detected at line 77
\l_fontspec_font |𝐹(𝑥) − 𝐹(𝑦)| ≤ |𝐹[](𝑥) − 𝐹[](𝑦)| + |𝐹[](𝑥) − 𝐹(𝑥)| + |𝐹[](𝑦) − 𝐹(𝑦)| ≤ ([])[]|𝑥 − 𝑦| + 2 ⋅ 2[] ≤ 𝑐2[] = 𝑐(3[])[] ≤ 𝑐[]|𝑥 − 𝑦|[]
 []

./lectures/lecture06.tex:92: Undefined control sequence.
l.92 	$\therefore m_1(Γ)\geq\summ
                                _1(Γ_j)\geq\sum l_j,\ L:=\sup_p\sum l_j\the...
The control sequence at the end of the top line
of your error message was never \def'ed. If you have
misspelled it (e.g., `\hobx'), type `I' and the correct
spelling (e.g., `I\hbox'). Otherwise just continue,
and I'll forget about whatever was undefined.

) [18] (./document.aux))

Here is how much of LuaTeX's memory you used:
 20513 strings out of 495118
 125171,552014 words of node,token memory allocated
 28241 words of node memory still in use:
   7 hlist, 2 vlist, 2 rule, 3540 glue, 1 kern, 763 attribute, 48 glue_spec, 763 attribute_list, 1 write nodes
   avail lists: 1:3,2:290,3:231,4:8,5:224,6:1865,7:600,8:95,9:398,10:6,11:97
 23514 multiletter control sequences out of 65536+600000
 62 fonts using 17027343 bytes
 58i,12n,64p,971b,413s stack positions out of 5000i,500n,10000p,200000b,100000s
</usr/share/texmf-dist/fonts/opentype/public/lm/lmroman7-regular.otf></usr/share/texmf-dist/fonts/opentype/public/xits/xits-math.otf></usr/share/texmf-dist/fonts/opentype/public/lm/lmroman10-italic.otf></usr/share/texmf-dist/fonts/opentype/public/xits/xits-math.otf></usr/share/texmf-dist/fonts/opentype/public/lm/lmroman10-regular.otf></usr/share/texmf-dist/fonts/opentype/public/xits/xits-math.otf></usr/share/texmf-dist/fonts/opentype/public/lm/lmroman10-bold.otf></usr/share/texmf-dist/fonts/opentype/public/lm/lmroman12-regular.otf></usr/share/texmf-dist/fonts/opentype/public/lm/lmroman17-regular.otf>
Output written on document.pdf (18 pages, 128829 bytes).

PDF statistics: 124 PDF objects out of 1000 (max. 8388607)
 76 compressed objects within 1 object stream
 0 named destinations out of 1000 (max. 131072)
 1 words of extra memory for PDF output out of 10000 (max. 10000000)

